********************************************************************************
DUPLICATOR-LITE PACKAGE-LOG: 2017-09-18 09:23:24
NOTICE: Do NOT post to public sites or forums 
********************************************************************************
VERSION:	1.2.24
WORDPRESS:	4.8.1
PHP INFO:	5.6.31 | SAPI: apache2handler
SERVER:		Apache 
PHP TIME LIMIT: (0) no time limit imposed 
PHP MAX MEMORY: 2048M (1536M default) 
MEMORY STACK: 32.75MB 

********************************************************************************
DATABASE:
********************************************************************************
BUILD MODE:   PHP(query limit - 100)
MYSQLTIMEOUT: 5000
MYSQLDUMP:    Not Supported 
TABLES: total:28 | filtered:0 | create:28 
FILTERED: [] 
SQL CREATED: 20170914_minsk_0b5d8c6deedce92b2106170918092320_database.sql 
SQL FILE SIZE: 1.47MB (1543903) 
SQL FILE TIME: 2017-09-18 09:23:24 
SQL RUNTIME: 0.14 sec. 

******************************************************************************** 
ARCHIVE (ZIP): 
******************************************************************************** 
ARCHIVE DIR:  D:/OSPanel/domains/ocsico.loc 
ARCHIVE FILE: 20170914_minsk_0b5d8c6deedce92b2106170918092320_archive.zip 
FILTERS: *OFF* 
DIRS:
	not set 
FILES:
	not set 
EXTS:  not set 
---------------------------------------- 
COMPRESSING 
SIZE:	75.86MB 
STATS:	Dirs 377 | Files 3,192 
SQL ADDED: 20170914_minsk_0b5d8c6deedce92b2106170918092320_database.sql 
ZipArchive Object
(
    [status] => 0
    [statusSys] => 0
    [numFiles] => 3569
    [filename] => D:\OSPanel\domains\ocsico.loc\wp-snapshots\tmp\20170914_minsk_0b5d8c6deedce92b2106170918092320_archive.zip
    [comment] => 
)
 
COMPRESSION RESULT: '1' 
COMPRESSED SIZE: 47.74MB 
ARCHIVE RUNTIME: 6.46 sec. 
MEMORY STACK: 34.25MB 

******************************************************************************** 
MAKE INSTALLER: 
******************************************************************************** 
Build Start 
Build Finished 
Preping for use 
PACK SIZE:  
Template parsed with new data 
Complete [D:/OSPanel/domains/ocsico.loc/wp-snapshots/tmp/20170914_minsk_0b5d8c6deedce92b2106170918092320_installer.php] 
Added to archive 

******************************************************************************** 
INTEGRITY CHECKS: 
******************************************************************************** 
SQL File: 1.47MB 
Installer File: 434.96KB 
Archive File: 47.74MB  

********************************************************************************
RECORD ID:[4]
TOTAL PROCESS RUNTIME: 6.93 sec.
PEAK PHP MEMORY USED: 36.75MB
DONE PROCESSING => 20170914_minsk 2017-09-18 09:23:30
 
